<?xml version="1.0" encoding="UTF-8"?>
<!-- Generated by org.testng.reporters.JUnitXMLReporter -->
<testsuite hostname="KristinaKosko" tests="17" failures="0" timestamp="30 Nov 2016 20:03:31 GMT" time="44.082" errors="0">
  <testcase name="negativeAuthorization" time="1.203" classname="AuthorizationTest"/>
  <testcase name="positiveAuthorization" time="1.546" classname="AuthorizationTest"/>
  <testcase name="positiveIfThereIsAuthorization" time="0.211" classname="AuthorizationTest"/>
  <testcase name="positiveLostPassword" time="0.238" classname="AuthorizationTest"/>
  <testcase name="negativeAddEmptyComment" time="0.926" classname="CommentingTest"/>
  <testcase name="positiveAddComment" time="1.717" classname="CommentingTest"/>
  <testcase name="positiveChangeComment" time="1.837" classname="CommentingTest"/>
  <testcase name="positiveDeleteCancel_Delete" time="2.313" classname="CommentingTest"/>
  <testcase name="positiveDeleteComment" time="0.836" classname="CommentingTest"/>
  <testcase name="negativeAddEmptyPostFromSubmenu" time="3.35" classname="PostingTest"/>
  <testcase name="positiveAddPostFromSubmenuWithNewCategory" time="2.687" classname="PostingTest"/>
  <testcase name="positiveAddPostFromSubmenuWithTitle" time="3.724" classname="PostingTest"/>
  <testcase name="negativeRegistration" time="0.759" classname="RegistrationTest"/>
  <testcase name="positiveIfThereIsRegistration" time="0.097" classname="RegistrationTest"/>
  <testcase name="positiveRegistration" time="0.586" classname="RegistrationTest"/>
  <testcase name="negativeCheckSearch" time="1.293" classname="SearchingTest"/>
  <testcase name="positiveCheckSearch" time="0.653" classname="SearchingTest"/>
</testsuite>
