<?xml version="1.0" encoding="UTF-8"?>
<testsuite name="TestSuite" time="24.177" tests="17" errors="0" skipped="0" failures="0">
  <properties>
[...]
</properties>
  <testcase name="negativeAuthorization" classname="AuthorizationTest" time="1.403"/>
  <testcase name="positiveAuthorization" classname="AuthorizationTest" time="1.541"/>
  <testcase name="positiveIfThereIsAuthorization" classname="AuthorizationTest" time="0.209"/>
  <testcase name="positiveLostPassword" classname="AuthorizationTest" time="0.244"/>
  <testcase name="negativeAddEmptyComment" classname="CommentingTest" time="0.921"/>
  <testcase name="positiveAddComment" classname="CommentingTest" time="1.717"/>
  <testcase name="positiveChangeComment" classname="CommentingTest" time="1.836"/>
  <testcase name="positiveDeleteCancel_Delete" classname="CommentingTest" time="2.314"/>
  <testcase name="positiveDeleteComment" classname="CommentingTest" time="0.836"/>
  <testcase name="negativeAddEmptyPostFromSubmenu" classname="PostingTest" time="3.351"/>
  <testcase name="positiveAddPostFromSubmenuWithNewCategory" classname="PostingTest" time="2.689"/>
  <testcase name="positiveAddPostFromSubmenuWithTitle" classname="PostingTest" time="3.724"/>
  <testcase name="negativeRegistration" classname="RegistrationTest" time="0.76"/>
  <testcase name="positiveIfThereIsRegistration" classname="RegistrationTest" time="0.098"/>
  <testcase name="positiveRegistration" classname="RegistrationTest" time="0.587"/>
  <testcase name="negativeCheckSearch" classname="SearchingTest" time="1.293"/>
  <testcase name="positiveCheckSearch" classname="SearchingTest" time="0.654"/>
</testsuite>