<?xml version="1.0" encoding="UTF-8"?>
<testng-results skipped="0" failed="0" total="17" passed="17">
  <reporter-output>
  </reporter-output>
  <suite name="Command line suite" duration-ms="44082" started-at="2016-11-30T20:02:47Z" finished-at="2016-11-30T20:03:31Z">
    <groups>
    </groups>
    <test name="Command line test" duration-ms="44082" started-at="2016-11-30T20:02:47Z" finished-at="2016-11-30T20:03:31Z">
      <class name="RegistrationTest">
        <test-method status="PASS" signature="beforeClass()[pri:0, instance:RegistrationTest@3b05a99b]" name="beforeClass" is-config="true" duration-ms="1924" started-at="2016-11-30T23:03:22Z" finished-at="2016-11-30T23:03:24Z">
          <reporter-output>
          </reporter-output>
        </test-method> <!-- beforeClass -->
        <test-method status="PASS" signature="negativeRegistration()[pri:0, instance:RegistrationTest@3b05a99b]" name="negativeRegistration" duration-ms="759" started-at="2016-11-30T23:03:24Z" finished-at="2016-11-30T23:03:25Z">
          <reporter-output>
          </reporter-output>
        </test-method> <!-- negativeRegistration -->
        <test-method status="PASS" signature="positiveIfThereIsRegistration()[pri:0, instance:RegistrationTest@3b05a99b]" name="positiveIfThereIsRegistration" duration-ms="97" started-at="2016-11-30T23:03:25Z" finished-at="2016-11-30T23:03:25Z">
          <reporter-output>
          </reporter-output>
        </test-method> <!-- positiveIfThereIsRegistration -->
        <test-method status="PASS" signature="positiveRegistration()[pri:0, instance:RegistrationTest@3b05a99b]" name="positiveRegistration" duration-ms="586" started-at="2016-11-30T23:03:25Z" finished-at="2016-11-30T23:03:26Z">
          <reporter-output>
          </reporter-output>
        </test-method> <!-- positiveRegistration -->
        <test-method status="PASS" signature="afterClass()[pri:0, instance:RegistrationTest@3b05a99b]" name="afterClass" is-config="true" duration-ms="795" started-at="2016-11-30T23:03:26Z" finished-at="2016-11-30T23:03:27Z">
          <reporter-output>
          </reporter-output>
        </test-method> <!-- afterClass -->
      </class> <!-- RegistrationTest -->
      <class name="AuthorizationTest">
        <test-method status="PASS" signature="setGoogleChromeDriver()[pri:0, instance:AuthorizationTest@507d20bb]" name="setGoogleChromeDriver" is-config="true" duration-ms="33" started-at="2016-11-30T23:02:47Z" finished-at="2016-11-30T23:02:47Z">
          <reporter-output>
          </reporter-output>
        </test-method> <!-- setGoogleChromeDriver -->
        <test-method status="PASS" signature="setGoogleChromeDriver()[pri:0, instance:CommentingTest@9fec931]" name="setGoogleChromeDriver" is-config="true" duration-ms="1" started-at="2016-11-30T23:02:47Z" finished-at="2016-11-30T23:02:47Z">
          <reporter-output>
          </reporter-output>
        </test-method> <!-- setGoogleChromeDriver -->
        <test-method status="PASS" signature="setGoogleChromeDriver()[pri:0, instance:RegistrationTest@3b05a99b]" name="setGoogleChromeDriver" is-config="true" duration-ms="0" started-at="2016-11-30T23:02:47Z" finished-at="2016-11-30T23:02:47Z">
          <reporter-output>
          </reporter-output>
        </test-method> <!-- setGoogleChromeDriver -->
        <test-method status="PASS" signature="setGoogleChromeDriver()[pri:0, instance:SearchingTest@2c43eb8]" name="setGoogleChromeDriver" is-config="true" duration-ms="0" started-at="2016-11-30T23:02:47Z" finished-at="2016-11-30T23:02:47Z">
          <reporter-output>
          </reporter-output>
        </test-method> <!-- setGoogleChromeDriver -->
        <test-method status="PASS" signature="setGoogleChromeDriver()[pri:0, instance:PostingTest@5cbd159f]" name="setGoogleChromeDriver" is-config="true" duration-ms="0" started-at="2016-11-30T23:02:47Z" finished-at="2016-11-30T23:02:47Z">
          <reporter-output>
          </reporter-output>
        </test-method> <!-- setGoogleChromeDriver -->
        <test-method status="PASS" signature="beforeClass()[pri:0, instance:AuthorizationTest@507d20bb]" name="beforeClass" is-config="true" duration-ms="4543" started-at="2016-11-30T23:02:47Z" finished-at="2016-11-30T23:02:52Z">
          <reporter-output>
          </reporter-output>
        </test-method> <!-- beforeClass -->
        <test-method status="PASS" signature="negativeAuthorization()[pri:0, instance:AuthorizationTest@507d20bb]" name="negativeAuthorization" duration-ms="1203" started-at="2016-11-30T23:02:52Z" finished-at="2016-11-30T23:02:53Z">
          <reporter-output>
          </reporter-output>
        </test-method> <!-- negativeAuthorization -->
        <test-method status="PASS" signature="positiveAuthorization()[pri:0, instance:AuthorizationTest@507d20bb]" name="positiveAuthorization" duration-ms="1546" started-at="2016-11-30T23:02:53Z" finished-at="2016-11-30T23:02:55Z">
          <reporter-output>
          </reporter-output>
        </test-method> <!-- positiveAuthorization -->
        <test-method status="PASS" signature="positiveIfThereIsAuthorization()[pri:0, instance:AuthorizationTest@507d20bb]" name="positiveIfThereIsAuthorization" duration-ms="211" started-at="2016-11-30T23:02:55Z" finished-at="2016-11-30T23:02:55Z">
          <reporter-output>
          </reporter-output>
        </test-method> <!-- positiveIfThereIsAuthorization -->
        <test-method status="PASS" signature="positiveLostPassword()[pri:0, instance:AuthorizationTest@507d20bb]" name="positiveLostPassword" duration-ms="238" started-at="2016-11-30T23:02:55Z" finished-at="2016-11-30T23:02:55Z">
          <reporter-output>
          </reporter-output>
        </test-method> <!-- positiveLostPassword -->
        <test-method status="PASS" signature="afterClass()[pri:0, instance:AuthorizationTest@507d20bb]" name="afterClass" is-config="true" duration-ms="1199" started-at="2016-11-30T23:02:55Z" finished-at="2016-11-30T23:02:57Z">
          <reporter-output>
          </reporter-output>
        </test-method> <!-- afterClass -->
      </class> <!-- AuthorizationTest -->
      <class name="PostingTest">
        <test-method status="PASS" signature="beforeClass()[pri:0, instance:PostingTest@5cbd159f]" name="beforeClass" is-config="true" duration-ms="3459" started-at="2016-11-30T23:03:08Z" finished-at="2016-11-30T23:03:12Z">
          <reporter-output>
          </reporter-output>
        </test-method> <!-- beforeClass -->
        <test-method status="PASS" signature="negativeAddEmptyPostFromSubmenu()[pri:0, instance:PostingTest@5cbd159f]" name="negativeAddEmptyPostFromSubmenu" duration-ms="3350" started-at="2016-11-30T23:03:12Z" finished-at="2016-11-30T23:03:15Z">
          <reporter-output>
          </reporter-output>
        </test-method> <!-- negativeAddEmptyPostFromSubmenu -->
        <test-method status="PASS" signature="positiveAddPostFromSubmenuWithNewCategory()[pri:0, instance:PostingTest@5cbd159f]" name="positiveAddPostFromSubmenuWithNewCategory" duration-ms="2687" started-at="2016-11-30T23:03:15Z" finished-at="2016-11-30T23:03:18Z">
          <reporter-output>
          </reporter-output>
        </test-method> <!-- positiveAddPostFromSubmenuWithNewCategory -->
        <test-method status="PASS" signature="positiveAddPostFromSubmenuWithTitle()[pri:0, instance:PostingTest@5cbd159f]" name="positiveAddPostFromSubmenuWithTitle" duration-ms="3724" started-at="2016-11-30T23:03:18Z" finished-at="2016-11-30T23:03:22Z">
          <reporter-output>
          </reporter-output>
        </test-method> <!-- positiveAddPostFromSubmenuWithTitle -->
        <test-method status="PASS" signature="afterClass()[pri:0, instance:PostingTest@5cbd159f]" name="afterClass" is-config="true" duration-ms="860" started-at="2016-11-30T23:03:22Z" finished-at="2016-11-30T23:03:22Z">
          <reporter-output>
          </reporter-output>
        </test-method> <!-- afterClass -->
      </class> <!-- PostingTest -->
      <class name="SearchingTest">
        <test-method status="PASS" signature="beforeClass()[pri:0, instance:SearchingTest@2c43eb8]" name="beforeClass" is-config="true" duration-ms="1878" started-at="2016-11-30T23:03:27Z" finished-at="2016-11-30T23:03:29Z">
          <reporter-output>
          </reporter-output>
        </test-method> <!-- beforeClass -->
        <test-method status="PASS" signature="negativeCheckSearch()[pri:0, instance:SearchingTest@2c43eb8]" name="negativeCheckSearch" duration-ms="1293" started-at="2016-11-30T23:03:29Z" finished-at="2016-11-30T23:03:30Z">
          <reporter-output>
          </reporter-output>
        </test-method> <!-- negativeCheckSearch -->
        <test-method status="PASS" signature="positiveCheckSearch()[pri:0, instance:SearchingTest@2c43eb8]" name="positiveCheckSearch" duration-ms="653" started-at="2016-11-30T23:03:30Z" finished-at="2016-11-30T23:03:30Z">
          <reporter-output>
          </reporter-output>
        </test-method> <!-- positiveCheckSearch -->
        <test-method status="PASS" signature="afterClass()[pri:0, instance:SearchingTest@2c43eb8]" name="afterClass" is-config="true" duration-ms="800" started-at="2016-11-30T23:03:30Z" finished-at="2016-11-30T23:03:31Z">
          <reporter-output>
          </reporter-output>
        </test-method> <!-- afterClass -->
      </class> <!-- SearchingTest -->
      <class name="CommentingTest">
        <test-method status="PASS" signature="beforeClass()[pri:0, instance:CommentingTest@9fec931]" name="beforeClass" is-config="true" duration-ms="3466" started-at="2016-11-30T23:02:57Z" finished-at="2016-11-30T23:03:00Z">
          <reporter-output>
          </reporter-output>
        </test-method> <!-- beforeClass -->
        <test-method status="PASS" signature="negativeAddEmptyComment()[pri:0, instance:CommentingTest@9fec931]" name="negativeAddEmptyComment" duration-ms="926" started-at="2016-11-30T23:03:00Z" finished-at="2016-11-30T23:03:01Z">
          <reporter-output>
          </reporter-output>
        </test-method> <!-- negativeAddEmptyComment -->
        <test-method status="PASS" signature="positiveAddComment()[pri:0, instance:CommentingTest@9fec931]" name="positiveAddComment" duration-ms="1717" started-at="2016-11-30T23:03:01Z" finished-at="2016-11-30T23:03:03Z">
          <reporter-output>
          </reporter-output>
        </test-method> <!-- positiveAddComment -->
        <test-method status="PASS" signature="positiveChangeComment()[pri:0, instance:CommentingTest@9fec931]" name="positiveChangeComment" duration-ms="1837" started-at="2016-11-30T23:03:03Z" depends-on-methods="CommentingTest.positiveAddComment" finished-at="2016-11-30T23:03:04Z">
          <reporter-output>
          </reporter-output>
        </test-method> <!-- positiveChangeComment -->
        <test-method status="PASS" signature="positiveDeleteCancel_Delete()[pri:0, instance:CommentingTest@9fec931]" name="positiveDeleteCancel_Delete" duration-ms="2313" started-at="2016-11-30T23:03:04Z" depends-on-methods="CommentingTest.positiveAddComment" finished-at="2016-11-30T23:03:07Z">
          <reporter-output>
          </reporter-output>
        </test-method> <!-- positiveDeleteCancel_Delete -->
        <test-method status="PASS" signature="positiveDeleteComment()[pri:0, instance:CommentingTest@9fec931]" name="positiveDeleteComment" duration-ms="836" started-at="2016-11-30T23:03:07Z" depends-on-methods="CommentingTest.positiveAddComment" finished-at="2016-11-30T23:03:08Z">
          <exception class="org.openqa.selenium.NoSuchElementException">
            <message>
              <![CDATA[no such element: Unable to locate element: {"method":"xpath","selector":"//p[text()='cBuefgCJohzpgtQ']/../.."}
  (Session info: chrome=54.0.2840.99)
  (Driver info: chromedriver=2.25.426923 (0390b88869384d6eb0d5d09729679f934aab9eed),platform=Windows NT 6.3.9600 x86_64) (WARNING: The server did not provide any stacktrace information)
Command duration or timeout: 188 milliseconds
For documentation on this error, please visit: http://seleniumhq.org/exceptions/no_such_element.html
Build info: version: '3.0.1', revision: '1969d75', time: '2016-10-18 09:49:13 -0700'
System info: host: 'KristinaKosko', ip: '192.168.10.1', os.name: 'Windows 8.1', os.arch: 'amd64', os.version: '6.3', java.version: '1.8.0_60'
Driver info: org.openqa.selenium.chrome.ChromeDriver
Capabilities [{applicationCacheEnabled=false, rotatable=false, mobileEmulationEnabled=false, networkConnectionEnabled=false, chrome={chromedriverVersion=2.25.426923 (0390b88869384d6eb0d5d09729679f934aab9eed), userDataDir=c:\Temp\scoped_dir10872_23084}, takesHeapSnapshot=true, pageLoadStrategy=normal, databaseEnabled=false, handlesAlerts=true, hasTouchScreen=false, version=54.0.2840.99, platform=WIN8_1, browserConnectionEnabled=false, nativeEvents=true, acceptSslCerts=true, locationContextEnabled=true, webStorageEnabled=true, browserName=chrome, takesScreenshot=true, javascriptEnabled=true, cssSelectorsEnabled=true}]
Session ID: 7d98d1f39a5f5c8be688248a809bd668
*** Element info: {Using=xpath, value=//p[text()='cBuefgCJohzpgtQ']/../..}]]>
            </message>
            <full-stacktrace>
              <![CDATA[org.openqa.selenium.NoSuchElementException: no such element: Unable to locate element: {"method":"xpath","selector":"//p[text()='cBuefgCJohzpgtQ']/../.."}
  (Session info: chrome=54.0.2840.99)
  (Driver info: chromedriver=2.25.426923 (0390b88869384d6eb0d5d09729679f934aab9eed),platform=Windows NT 6.3.9600 x86_64) (WARNING: The server did not provide any stacktrace information)
Command duration or timeout: 188 milliseconds
For documentation on this error, please visit: http://seleniumhq.org/exceptions/no_such_element.html
Build info: version: '3.0.1', revision: '1969d75', time: '2016-10-18 09:49:13 -0700'
System info: host: 'KristinaKosko', ip: '192.168.10.1', os.name: 'Windows 8.1', os.arch: 'amd64', os.version: '6.3', java.version: '1.8.0_60'
Driver info: org.openqa.selenium.chrome.ChromeDriver
Capabilities [{applicationCacheEnabled=false, rotatable=false, mobileEmulationEnabled=false, networkConnectionEnabled=false, chrome={chromedriverVersion=2.25.426923 (0390b88869384d6eb0d5d09729679f934aab9eed), userDataDir=c:\Temp\scoped_dir10872_23084}, takesHeapSnapshot=true, pageLoadStrategy=normal, databaseEnabled=false, handlesAlerts=true, hasTouchScreen=false, version=54.0.2840.99, platform=WIN8_1, browserConnectionEnabled=false, nativeEvents=true, acceptSslCerts=true, locationContextEnabled=true, webStorageEnabled=true, browserName=chrome, takesScreenshot=true, javascriptEnabled=true, cssSelectorsEnabled=true}]
Session ID: 7d98d1f39a5f5c8be688248a809bd668
*** Element info: {Using=xpath, value=//p[text()='cBuefgCJohzpgtQ']/../..}
	at sun.reflect.NativeConstructorAccessorImpl.newInstance0(Native Method)
	at sun.reflect.NativeConstructorAccessorImpl.newInstance(NativeConstructorAccessorImpl.java:62)
	at sun.reflect.DelegatingConstructorAccessorImpl.newInstance(DelegatingConstructorAccessorImpl.java:45)
	at java.lang.reflect.Constructor.newInstance(Constructor.java:422)
	at org.openqa.selenium.remote.ErrorHandler.createThrowable(ErrorHandler.java:216)
	at org.openqa.selenium.remote.ErrorHandler.throwIfResponseFailed(ErrorHandler.java:168)
	at org.openqa.selenium.remote.RemoteWebDriver.execute(RemoteWebDriver.java:635)
	at org.openqa.selenium.remote.RemoteWebDriver.findElement(RemoteWebDriver.java:368)
	at org.openqa.selenium.remote.RemoteWebDriver.findElementByXPath(RemoteWebDriver.java:473)
	at org.openqa.selenium.By$ByXPath.findElement(By.java:361)
	at org.openqa.selenium.remote.RemoteWebDriver.findElement(RemoteWebDriver.java:360)
	at CommentingTest.positiveDeleteComment(CommentingTest.java:125)
	at sun.reflect.NativeMethodAccessorImpl.invoke0(Native Method)
	at sun.reflect.NativeMethodAccessorImpl.invoke(NativeMethodAccessorImpl.java:62)
	at sun.reflect.DelegatingMethodAccessorImpl.invoke(DelegatingMethodAccessorImpl.java:43)
	at java.lang.reflect.Method.invoke(Method.java:497)
	at org.testng.internal.MethodInvocationHelper.invokeMethod(MethodInvocationHelper.java:100)
	at org.testng.internal.Invoker.invokeMethod(Invoker.java:646)
	at org.testng.internal.Invoker.invokeTestMethod(Invoker.java:811)
	at org.testng.internal.Invoker.invokeTestMethods(Invoker.java:1137)
	at org.testng.internal.TestMethodWorker.invokeTestMethods(TestMethodWorker.java:129)
	at org.testng.internal.TestMethodWorker.run(TestMethodWorker.java:112)
	at org.testng.TestRunner.privateRun(TestRunner.java:753)
	at org.testng.TestRunner.run(TestRunner.java:607)
	at org.testng.SuiteRunner.runTest(SuiteRunner.java:368)
	at org.testng.SuiteRunner.runSequentially(SuiteRunner.java:363)
	at org.testng.SuiteRunner.privateRun(SuiteRunner.java:321)
	at org.testng.SuiteRunner.run(SuiteRunner.java:270)
	at org.testng.SuiteRunnerWorker.runSuite(SuiteRunnerWorker.java:52)
	at org.testng.SuiteRunnerWorker.run(SuiteRunnerWorker.java:86)
	at org.testng.TestNG.runSuitesSequentially(TestNG.java:1284)
	at org.testng.TestNG.runSuitesLocally(TestNG.java:1209)
	at org.testng.TestNG.runSuites(TestNG.java:1124)
	at org.testng.TestNG.run(TestNG.java:1096)
	at org.apache.maven.surefire.testng.TestNGExecutor.run(TestNGExecutor.java:77)
	at org.apache.maven.surefire.testng.TestNGDirectoryTestSuite.executeMulti(TestNGDirectoryTestSuite.java:189)
	at org.apache.maven.surefire.testng.TestNGDirectoryTestSuite.execute(TestNGDirectoryTestSuite.java:105)
	at org.apache.maven.surefire.testng.TestNGProvider.invoke(TestNGProvider.java:117)
	at sun.reflect.NativeMethodAccessorImpl.invoke0(Native Method)
	at sun.reflect.NativeMethodAccessorImpl.invoke(NativeMethodAccessorImpl.java:62)
	at sun.reflect.DelegatingMethodAccessorImpl.invoke(DelegatingMethodAccessorImpl.java:43)
	at java.lang.reflect.Method.invoke(Method.java:497)
	at org.apache.maven.surefire.util.ReflectionUtils.invokeMethodWithArray2(ReflectionUtils.java:208)
	at org.apache.maven.surefire.booter.ProviderFactory$ProviderProxy.invoke(ProviderFactory.java:158)
	at org.apache.maven.surefire.booter.ProviderFactory.invokeProvider(ProviderFactory.java:86)
	at org.apache.maven.surefire.booter.ForkedBooter.runSuitesInProcess(ForkedBooter.java:153)
	at org.apache.maven.surefire.booter.ForkedBooter.main(ForkedBooter.java:95)
]]>
            </full-stacktrace>
          </exception> <!-- org.openqa.selenium.NoSuchElementException -->
          <reporter-output>
          </reporter-output>
        </test-method> <!-- positiveDeleteComment -->
        <test-method status="PASS" signature="afterClass()[pri:0, instance:CommentingTest@9fec931]" name="afterClass" is-config="true" duration-ms="795" started-at="2016-11-30T23:03:08Z" finished-at="2016-11-30T23:03:08Z">
          <reporter-output>
          </reporter-output>
        </test-method> <!-- afterClass -->
      </class> <!-- CommentingTest -->
    </test> <!-- Command line test -->
  </suite> <!-- Command line suite -->
</testng-results>
